<?xml version="1.0" encoding="UTF-8"?>
<coverage generated="1781717743631" clover="3.2.0">
  <project timestamp="1781717743631" name="All files">
    <metrics statements="46" coveredstatements="39" conditionals="18" coveredconditionals="15" methods="6" coveredmethods="5" elements="70" coveredelements="59" complexity="0" loc="46" ncloc="46" packages="2" files="3" classes="3"/>
    <package name="models">
      <metrics statements="17" coveredstatements="16" conditionals="6" coveredconditionals="5" methods="3" coveredmethods="3"/>
      <file name="User.ts" path="/Users/bennet/rdf-schema-editor/backend/src/models/User.ts">
        <metrics statements="17" coveredstatements="16" conditionals="6" coveredconditionals="5" methods="3" coveredmethods="3"/>
        <line num="1" count="2" type="stmt"/>
        <line num="2" count="2" type="stmt"/>
        <line num="4" count="2" type="cond" truecount="2" falsecount="0"/>
        <line num="5" count="2" type="stmt"/>
        <line num="6" count="2" type="stmt"/>
        <line num="7" count="2" type="stmt"/>
        <line num="8" count="2" type="stmt"/>
        <line num="28" count="2" type="stmt"/>
        <line num="61" count="2" type="stmt"/>
        <line num="62" count="6" type="cond" truecount="2" falsecount="0"/>
        <line num="63" count="3" type="stmt"/>
        <line num="64" count="3" type="stmt"/>
        <line num="68" count="2" type="stmt"/>
        <line num="71" count="2" type="cond" truecount="1" falsecount="1"/>
        <line num="72" count="0" type="stmt"/>
        <line num="74" count="2" type="stmt"/>
        <line num="78" count="2" type="stmt"/>
      </file>
    </package>
    <package name="services">
      <metrics statements="29" coveredstatements="23" conditionals="12" coveredconditionals="10" methods="3" coveredmethods="2"/>
      <file name="JWTServices.ts" path="/Users/bennet/rdf-schema-editor/backend/src/services/JWTServices.ts">
        <metrics statements="22" coveredstatements="16" conditionals="8" coveredconditionals="6" methods="2" coveredmethods="1"/>
        <line num="3" count="1" type="stmt"/>
        <line num="5" count="1" type="stmt"/>
        <line num="6" count="1" type="stmt"/>
        <line num="8" count="1" type="stmt"/>
        <line num="10" count="1" type="stmt"/>
        <line num="14" count="8" type="stmt"/>
        <line num="15" count="8" type="stmt"/>
        <line num="16" count="8" type="cond" truecount="4" falsecount="0"/>
        <line num="17" count="4" type="stmt"/>
        <line num="19" count="4" type="stmt"/>
        <line num="20" count="4" type="cond" truecount="2" falsecount="0"/>
        <line num="21" count="3" type="stmt"/>
        <line num="26" count="3" type="stmt"/>
        <line num="29" count="3" type="stmt"/>
        <line num="31" count="1" type="stmt"/>
        <line num="34" count="1" type="stmt"/>
        <line num="35" count="0" type="stmt"/>
        <line num="36" count="0" type="cond" truecount="0" falsecount="2"/>
        <line num="38" count="0" type="stmt"/>
        <line num="39" count="0" type="stmt"/>
        <line num="40" count="0" type="stmt"/>
        <line num="46" count="0" type="stmt"/>
      </file>
      <file name="loginAuthService.ts" path="/Users/bennet/rdf-schema-editor/backend/src/services/loginAuthService.ts">
        <metrics statements="7" coveredstatements="7" conditionals="4" coveredconditionals="4" methods="1" coveredmethods="1"/>
        <line num="1" count="2" type="stmt"/>
        <line num="4" count="2" type="stmt"/>
        <line num="8" count="3" type="stmt"/>
        <line num="9" count="3" type="cond" truecount="2" falsecount="0"/>
        <line num="10" count="2" type="stmt"/>
        <line num="11" count="2" type="cond" truecount="2" falsecount="0"/>
        <line num="12" count="1" type="stmt"/>
      </file>
    </package>
  </project>
</coverage>
