{"/Users/bennet/rdf-schema-editor/backend/src/models/User.ts": {"path":"/Users/bennet/rdf-schema-editor/backend/src/models/User.ts","statementMap":{"0":{"start":{"line":1,"column":0},"end":{"line":1,"column":61}},"1":{"start":{"line":2,"column":0},"end":{"line":2,"column":30}},"2":{"start":{"line":4,"column":0},"end":{"line":4,"column":null}},"3":{"start":{"line":5,"column":2},"end":{"line":5,"column":null}},"4":{"start":{"line":6,"column":2},"end":{"line":6,"column":null}},"5":{"start":{"line":7,"column":2},"end":{"line":7,"column":null}},"6":{"start":{"line":8,"column":2},"end":{"line":8,"column":null}},"7":{"start":{"line":28,"column":19},"end":{"line":58,"column":null}},"8":{"start":{"line":61,"column":0},"end":{"line":66,"column":3}},"9":{"start":{"line":62,"column":2},"end":{"line":65,"column":3}},"10":{"start":{"line":63,"column":27},"end":{"line":63,"column":63}},"11":{"start":{"line":64,"column":4},"end":{"line":64,"column":35}},"12":{"start":{"line":68,"column":0},"end":{"line":76,"column":2}},"13":{"start":{"line":71,"column":4},"end":{"line":73,"column":5}},"14":{"start":{"line":72,"column":6},"end":{"line":72,"column":49}},"15":{"start":{"line":74,"column":4},"end":{"line":74,"column":57}},"16":{"start":{"line":78,"column":13},"end":{"line":78,"column":64}}},"fnMap":{"0":{"name":"(anonymous_8)","decl":{"start":{"line":4,"column":0},"end":{"line":4,"column":12}},"loc":{"start":{"line":4,"column":18},"end":{"line":9,"column":1}}},"1":{"name":"(anonymous_9)","decl":{"start":{"line":61,"column":23},"end":{"line":61,"column":null}},"loc":{"start":{"line":61,"column":23},"end":{"line":66,"column":2}}},"2":{"name":"(anonymous_11)","decl":{"start":{"line":70,"column":2},"end":{"line":70,"column":18}},"loc":{"start":{"line":70,"column":34},"end":{"line":75,"column":null}}}},"branchMap":{"0":{"loc":{"start":{"line":4,"column":12},"end":{"line":4,"column":null}},"type":"binary-expr","locations":[{"start":{"line":4,"column":12},"end":{"line":4,"column":18}},{"start":{"line":4,"column":18},"end":{"line":4,"column":null}}]},"1":{"loc":{"start":{"line":62,"column":2},"end":{"line":65,"column":3}},"type":"if","locations":[{"start":{"line":62,"column":2},"end":{"line":65,"column":3}},{"start":{},"end":{}}]},"2":{"loc":{"start":{"line":71,"column":4},"end":{"line":73,"column":5}},"type":"if","locations":[{"start":{"line":71,"column":4},"end":{"line":73,"column":5}},{"start":{},"end":{}}]}},"s":{"0":2,"1":2,"2":2,"3":2,"4":2,"5":2,"6":2,"7":2,"8":2,"9":6,"10":3,"11":3,"12":2,"13":2,"14":0,"15":2,"16":2},"f":{"0":2,"1":6,"2":2},"b":{"0":[2,2],"1":[3,3],"2":[0,2]}}
,"/Users/bennet/rdf-schema-editor/backend/src/services/JWTServices.ts": {"path":"/Users/bennet/rdf-schema-editor/backend/src/services/JWTServices.ts","statementMap":{"0":{"start":{"line":10,"column":0},"end":{"line":10,"column":22}},"1":{"start":{"line":34,"column":0},"end":{"line":34,"column":16}},"2":{"start":{"line":3,"column":0},"end":{"line":3,"column":43}},"3":{"start":{"line":5,"column":0},"end":{"line":5,"column":28}},"4":{"start":{"line":6,"column":0},"end":{"line":6,"column":75}},"5":{"start":{"line":8,"column":0},"end":{"line":8,"column":16}},"6":{"start":{"line":14,"column":20},"end":{"line":14,"column":42}},"7":{"start":{"line":15,"column":17},"end":{"line":15,"column":36}},"8":{"start":{"line":16,"column":2},"end":{"line":17,"column":63}},"9":{"start":{"line":17,"column":4},"end":{"line":17,"column":63}},"10":{"start":{"line":19,"column":15},"end":{"line":19,"column":42}},"11":{"start":{"line":20,"column":2},"end":{"line":30,"column":3}},"12":{"start":{"line":21,"column":32},"end":{"line":25,"column":6}},"13":{"start":{"line":26,"column":22},"end":{"line":28,"column":6}},"14":{"start":{"line":29,"column":4},"end":{"line":29,"column":21}},"15":{"start":{"line":31,"column":2},"end":{"line":31,"column":19}},"16":{"start":{"line":35,"column":20},"end":{"line":35,"column":42}},"17":{"start":{"line":36,"column":2},"end":{"line":36,"column":77}},"18":{"start":{"line":36,"column":18},"end":{"line":36,"column":77}},"19":{"start":{"line":38,"column":2},"end":{"line":47,"column":3}},"20":{"start":{"line":39,"column":20},"end":{"line":39,"column":63}},"21":{"start":{"line":40,"column":4},"end":{"line":44,"column":6}},"22":{"start":{"line":46,"column":4},"end":{"line":46,"column":58}}},"fnMap":{"0":{"name":"verifyPasswordAndCreateJWT","decl":{"start":{"line":10,"column":22},"end":{"line":10,"column":48}},"loc":{"start":{"line":12,"column":18},"end":{"line":32,"column":null}}},"1":{"name":"verifyJWT","decl":{"start":{"line":34,"column":16},"end":{"line":34,"column":25}},"loc":{"start":{"line":34,"column":55},"end":{"line":48,"column":1}}}},"branchMap":{"0":{"loc":{"start":{"line":16,"column":2},"end":{"line":17,"column":63}},"type":"if","locations":[{"start":{"line":16,"column":2},"end":{"line":17,"column":63}},{"start":{},"end":{}}]},"1":{"loc":{"start":{"line":16,"column":6},"end":{"line":16,"column":27}},"type":"binary-expr","locations":[{"start":{"line":16,"column":6},"end":{"line":16,"column":16}},{"start":{"line":16,"column":20},"end":{"line":16,"column":27}}]},"2":{"loc":{"start":{"line":20,"column":2},"end":{"line":30,"column":3}},"type":"if","locations":[{"start":{"line":20,"column":2},"end":{"line":30,"column":3}},{"start":{},"end":{}}]},"3":{"loc":{"start":{"line":36,"column":2},"end":{"line":36,"column":77}},"type":"if","locations":[{"start":{"line":36,"column":2},"end":{"line":36,"column":77}},{"start":{},"end":{}}]}},"s":{"0":1,"1":1,"2":1,"3":1,"4":1,"5":1,"6":8,"7":8,"8":8,"9":4,"10":4,"11":4,"12":3,"13":3,"14":3,"15":1,"16":0,"17":0,"18":0,"19":0,"20":0,"21":0,"22":0},"f":{"0":8,"1":0},"b":{"0":[4,4],"1":[8,7],"2":[3,1],"3":[0,0]}}
,"/Users/bennet/rdf-schema-editor/backend/src/services/loginAuthService.ts": {"path":"/Users/bennet/rdf-schema-editor/backend/src/services/loginAuthService.ts","statementMap":{"0":{"start":{"line":4,"column":0},"end":{"line":4,"column":22}},"1":{"start":{"line":1,"column":0},"end":{"line":1,"column":37}},"2":{"start":{"line":8,"column":15},"end":{"line":8,"column":56}},"3":{"start":{"line":9,"column":2},"end":{"line":9,"column":26}},"4":{"start":{"line":9,"column":13},"end":{"line":9,"column":26}},"5":{"start":{"line":10,"column":18},"end":{"line":10,"column":56}},"6":{"start":{"line":11,"column":2},"end":{"line":11,"column":29}},"7":{"start":{"line":11,"column":16},"end":{"line":11,"column":29}},"8":{"start":{"line":12,"column":2},"end":{"line":12,"column":48}}},"fnMap":{"0":{"name":"login","decl":{"start":{"line":4,"column":22},"end":{"line":4,"column":27}},"loc":{"start":{"line":6,"column":18},"end":{"line":13,"column":null}}}},"branchMap":{"0":{"loc":{"start":{"line":9,"column":2},"end":{"line":9,"column":26}},"type":"if","locations":[{"start":{"line":9,"column":2},"end":{"line":9,"column":26}},{"start":{},"end":{}}]},"1":{"loc":{"start":{"line":11,"column":2},"end":{"line":11,"column":29}},"type":"if","locations":[{"start":{"line":11,"column":2},"end":{"line":11,"column":29}},{"start":{},"end":{}}]}},"s":{"0":2,"1":2,"2":3,"3":3,"4":1,"5":2,"6":2,"7":1,"8":1},"f":{"0":3},"b":{"0":[1,2],"1":[1,1]}}
}
