TN:
SF:src/models/Workspace.ts
FN:54,(anonymous_9)
FNF:1
FNH:1
FNDA:20,(anonymous_9)
DA:1,1
DA:24,1
DA:34,1
DA:54,20
DA:67,1
LF:5
LH:5
BRDA:68,0,0,1
BRDA:68,0,1,1
BRF:2
BRH:2
end_of_record
TN:
SF:src/models/WorkspaceDataset.ts
FNF:0
FNH:0
DA:1,1
DA:14,1
DA:30,1
LF:3
LH:3
BRDA:31,0,0,1
BRDA:31,0,1,1
BRF:2
BRH:2
end_of_record
TN:
SF:src/services/workspaceServices.ts
FN:10,toSummary
FN:23,toWorkspaceResponse
FN:38,splitWorkspaceData
FN:46,saveDataset
FN:57,createWorkspace
FN:77,getWorkspaces
FN:84,getWorkspace
FN:97,saveWorkspace
FN:108,updateWorkspace
FN:148,deleteWorkspace
FN:160,deleteAllWorkspaces
FNF:11
FNH:10
FNDA:43,toSummary
FNDA:39,toWorkspaceResponse
FNDA:38,splitWorkspaceData
FNDA:13,saveDataset
FNDA:29,createWorkspace
FNDA:4,getWorkspaces
FNDA:6,getWorkspace
FNDA:2,saveWorkspace
FNDA:9,updateWorkspace
FNDA:5,deleteWorkspace
FNDA:0,deleteAllWorkspaces
DA:1,1
DA:2,1
DA:11,43
DA:24,39
DA:27,39
DA:39,38
DA:40,25
DA:42,13
DA:43,13
DA:50,13
DA:57,1
DA:61,29
DA:63,29
DA:70,29
DA:71,9
DA:74,29
DA:77,1
DA:80,4
DA:81,4
DA:84,1
DA:88,6
DA:89,5
DA:90,2
DA:92,3
DA:97,1
DA:102,2
DA:103,1
DA:105,1
DA:108,1
DA:113,9
DA:115,9
DA:116,9
DA:117,9
DA:118,0
DA:123,9
DA:124,4
DA:125,9
DA:126,4
DA:127,9
DA:128,4
DA:129,9
DA:130,4
DA:132,9
DA:137,9
DA:138,2
DA:141,7
DA:142,4
DA:145,7
DA:148,1
DA:152,5
DA:153,5
DA:154,2
DA:156,3
DA:160,1
DA:161,0
DA:162,0
LF:56
LH:53
BRDA:31,0,0,39
BRDA:31,0,1,25
BRDA:39,1,0,25
BRDA:39,1,1,13
BRDA:65,2,0,29
BRDA:65,2,1,2
BRDA:66,3,0,29
BRDA:66,3,1,27
BRDA:70,4,0,9
BRDA:70,4,1,20
BRDA:89,5,0,2
BRDA:89,5,1,3
BRDA:102,6,0,1
BRDA:102,6,1,1
BRDA:116,7,0,4
BRDA:116,7,1,5
BRDA:117,8,0,0
BRDA:117,8,1,9
BRDA:123,9,0,4
BRDA:123,9,1,5
BRDA:125,10,0,4
BRDA:125,10,1,5
BRDA:127,11,0,4
BRDA:127,11,1,5
BRDA:129,12,0,4
BRDA:129,12,1,5
BRDA:137,13,0,2
BRDA:137,13,1,7
BRDA:141,14,0,4
BRDA:141,14,1,3
BRDA:153,15,0,2
BRDA:153,15,1,3
BRF:32
BRH:31
end_of_record
