TN:
SF:src/models/User.ts
FN:4,(anonymous_8)
FN:61,(anonymous_9)
FN:70,(anonymous_11)
FNF:3
FNH:3
FNDA:2,(anonymous_8)
FNDA:6,(anonymous_9)
FNDA:2,(anonymous_11)
DA:1,2
DA:2,2
DA:4,2
DA:5,2
DA:6,2
DA:7,2
DA:8,2
DA:28,2
DA:61,2
DA:62,6
DA:63,3
DA:64,3
DA:68,2
DA:71,2
DA:72,0
DA:74,2
DA:78,2
LF:17
LH:16
BRDA:4,0,0,2
BRDA:4,0,1,2
BRDA:62,1,0,3
BRDA:62,1,1,3
BRDA:71,2,0,0
BRDA:71,2,1,2
BRF:6
BRH:5
end_of_record
TN:
SF:src/services/JWTServices.ts
FN:10,verifyPasswordAndCreateJWT
FN:34,verifyJWT
FNF:2
FNH:1
FNDA:8,verifyPasswordAndCreateJWT
FNDA:0,verifyJWT
DA:3,1
DA:5,1
DA:6,1
DA:8,1
DA:10,1
DA:14,8
DA:15,8
DA:16,8
DA:17,4
DA:19,4
DA:20,4
DA:21,3
DA:26,3
DA:29,3
DA:31,1
DA:34,1
DA:35,0
DA:36,0
DA:38,0
DA:39,0
DA:40,0
DA:46,0
LF:22
LH:16
BRDA:16,0,0,4
BRDA:16,0,1,4
BRDA:16,1,0,8
BRDA:16,1,1,7
BRDA:20,2,0,3
BRDA:20,2,1,1
BRDA:36,3,0,0
BRDA:36,3,1,0
BRF:8
BRH:6
end_of_record
TN:
SF:src/services/loginAuthService.ts
FN:4,login
FNF:1
FNH:1
FNDA:3,login
DA:1,2
DA:4,2
DA:8,3
DA:9,3
DA:10,2
DA:11,2
DA:12,1
LF:7
LH:7
BRDA:9,0,0,1
BRDA:9,0,1,2
BRDA:11,1,0,1
BRDA:11,1,1,1
BRF:4
BRH:4
end_of_record
